e:\myengine\myengine\engine\debug\vc142.pdb
e:\myengine\myengine\engine\debug\vc142.idb
e:\myengine\myengine\engine\debug\mainapp.nativecodeanalysis.sarif
e:\myengine\myengine\engine\debug\mainapp.nativecodeanalysis.xml
e:\myengine\myengine\engine\debug\gametimer.nativecodeanalysis.sarif
e:\myengine\myengine\engine\debug\gametimer.nativecodeanalysis.xml
e:\myengine\myengine\engine\debug\d3dutil.nativecodeanalysis.sarif
e:\myengine\myengine\engine\debug\d3dutil.nativecodeanalysis.xml
e:\myengine\myengine\engine\debug\d3dapp.nativecodeanalysis.sarif
e:\myengine\myengine\engine\debug\d3dapp.nativecodeanalysis.xml
e:\myengine\myengine\engine\debug\d3dapp.obj
e:\myengine\myengine\engine\debug\d3dutil.obj
e:\myengine\myengine\engine\debug\gametimer.obj
e:\myengine\myengine\engine\debug\mainapp.obj
e:\myengine\myengine\engine\debug\myengine.ilk
e:\myengine\myengine\engine\debug\myengine.exe
e:\myengine\myengine\engine\debug\myengine.pdb
e:\myengine\myengine\engine\debug\vc.nativecodeanalysis.all.xml
e:\myengine\myengine\engine\debug\myengine.tlog\cl.command.1.tlog
e:\myengine\myengine\engine\debug\myengine.tlog\cl.read.1.tlog
e:\myengine\myengine\engine\debug\myengine.tlog\cl.write.1.tlog
e:\myengine\myengine\engine\debug\myengine.tlog\link.command.1.tlog
e:\myengine\myengine\engine\debug\myengine.tlog\link.read.1.tlog
e:\myengine\myengine\engine\debug\myengine.tlog\link.write.1.tlog
